


ARM Macro Assembler    Page 1 


    1 00000000                 AREA             ASCENDING , CODE , READONLY
    2 00000000         ENTRY
    3 00000000         START
    4 00000000 E3A08004        MOV              R8,#4
    5 00000004 E59F2068        LDR              R2,=CVALUE
    6 00000008 E59F3068        LDR              R3,=DVALUE
    7 0000000C         
    8 0000000C         LOOP0
    9 0000000C E4921004        LDR              R1,[R2],#4
   10 00000010 E4831004        STR              R1,[R3],#4
   11 00000014 E2588001        SUBS             R8,R8,#1
   12 00000018 E3580000        CMP              R8,#0
   13 0000001C 1AFFFFFA        BNE              LOOP0
   14 00000020         
   15 00000020         START1
   16 00000020 E3A05003        MOV              R5,#3
   17 00000024 E3A07000        MOV              R7,#0
   18 00000028 E59F1048        LDR              R1,=DVALUE
   19 0000002C         
   20 0000002C         LOOP
   21 0000002C E4912004        LDR              R2,[R1],#4
   22 00000030 E5913000        LDR              R3,[R1]
   23 00000034 E1520003        CMP              R2,R3
   24 00000038 BA000003        BLT              LOOP2
   25 0000003C E4012004        STR              R2,[R1],#-4
   26 00000040 E5813000        STR              R3,[R1]
   27 00000044 E3A07001        MOV              R7,#1
   28 00000048 E3A01004        MOV              R1,#4
   29 0000004C         
   30 0000004C         LOOP2
   31 0000004C E2555001        SUBS             R5,R5,#1
   32 00000050 E3550000        CMP              R5,#0
   33 00000054 1AFFFFF4        BNE              LOOP
   34 00000058 E3570000        CMP              R7,#0
   35 0000005C 1AFFFFEF        BNE              START1
   36 00000060         
   37 00000060 EAFFFFFE 
                       BACK    B                BACK
   38 00000064         
   39 00000064 44444444 
              11111111 
              33333333 
              22222222 CVALUE  DCD              0X44444444,0X11111111,0X3333333
3,0X22222222
   40 00000074         
   41 00000074 00000000 
              00000000 
              00000000         AREA             DATA1 , DATA , READWRITE
   42 00000000 00000000 
                       DVALUE  DCD              0X00000000
   43 00000004                 END
Command Line: --debug --xref --apcs=interwork --depend=.\ascending.d -o.\ascend
ing.o -IC:\Keil\ARM\RV31\INC -IC:\Keil\ARM\CMSIS\Include -IC:\Keil\ARM\Inc\Phil
ips --predefine="__EVAL SETA 1" --list=.\ascending.lst ascending.asm



ARM Macro Assembler    Page 1 Alphabetic symbol ordering
Relocatable symbols

ASCENDING 00000000

Symbol: ASCENDING
   Definitions
      At line 1 in file ascending.asm
   Uses
      None
Comment: ASCENDING unused
BACK 00000060

Symbol: BACK
   Definitions
      At line 37 in file ascending.asm
   Uses
      At line 37 in file ascending.asm
Comment: BACK used once
CVALUE 00000064

Symbol: CVALUE
   Definitions
      At line 39 in file ascending.asm
   Uses
      At line 5 in file ascending.asm
Comment: CVALUE used once
ENTRY 00000000

Symbol: ENTRY
   Definitions
      At line 2 in file ascending.asm
   Uses
      None
Comment: ENTRY unused
LOOP 0000002C

Symbol: LOOP
   Definitions
      At line 20 in file ascending.asm
   Uses
      At line 33 in file ascending.asm
Comment: LOOP used once
LOOP0 0000000C

Symbol: LOOP0
   Definitions
      At line 8 in file ascending.asm
   Uses
      At line 13 in file ascending.asm
Comment: LOOP0 used once
LOOP2 0000004C

Symbol: LOOP2
   Definitions
      At line 30 in file ascending.asm
   Uses
      At line 24 in file ascending.asm
Comment: LOOP2 used once
START 00000000

Symbol: START



ARM Macro Assembler    Page 2 Alphabetic symbol ordering
Relocatable symbols

   Definitions
      At line 3 in file ascending.asm
   Uses
      None
Comment: START unused
START1 00000020

Symbol: START1
   Definitions
      At line 15 in file ascending.asm
   Uses
      At line 35 in file ascending.asm
Comment: START1 used once
9 symbols



ARM Macro Assembler    Page 1 Alphabetic symbol ordering
Relocatable symbols

DATA1 00000000

Symbol: DATA1
   Definitions
      At line 41 in file ascending.asm
   Uses
      None
Comment: DATA1 unused
DVALUE 00000000

Symbol: DVALUE
   Definitions
      At line 42 in file ascending.asm
   Uses
      At line 6 in file ascending.asm
      At line 18 in file ascending.asm

2 symbols
344 symbols in table
