


ARM Macro Assembler    Page 1 


    1 00000000                 AREA             FACTORIAL , CODE , READONLY
    2 00000000         ENTRY
    3 00000000         START
    4 00000000 E3A00007        MOV              R0 , #7
    5 00000004 E1A01000        MOV              R1 , R0
    6 00000008         FACT
    7 00000008 E2511001        SUBS             R1,R1,#1
    8 0000000C E3510001        CMP              R1,#1
    9 00000010 0A000002        BEQ              STOP
   10 00000014 E0030190        MUL              R3,R0,R1
   11 00000018 E1A00003        MOV              R0,R3
   12 0000001C 1AFFFFF9        BNE              FACT
   13 00000020         
   14 00000020         STOP
   15 00000020 E1A00000        NOP
   16 00000024                 END
Command Line: --debug --xref --apcs=interwork --depend=.\factorial.d -o.\factor
ial.o -IC:\Keil\ARM\RV31\INC -IC:\Keil\ARM\CMSIS\Include -IC:\Keil\ARM\Inc\Phil
ips --predefine="__EVAL SETA 1" --list=.\factorial.lst factorial.asm



ARM Macro Assembler    Page 1 Alphabetic symbol ordering
Relocatable symbols

ENTRY 00000000

Symbol: ENTRY
   Definitions
      At line 2 in file factorial.asm
   Uses
      None
Comment: ENTRY unused
FACT 00000008

Symbol: FACT
   Definitions
      At line 6 in file factorial.asm
   Uses
      At line 12 in file factorial.asm
Comment: FACT used once
FACTORIAL 00000000

Symbol: FACTORIAL
   Definitions
      At line 1 in file factorial.asm
   Uses
      None
Comment: FACTORIAL unused
START 00000000

Symbol: START
   Definitions
      At line 3 in file factorial.asm
   Uses
      None
Comment: START unused
STOP 00000020

Symbol: STOP
   Definitions
      At line 14 in file factorial.asm
   Uses
      At line 9 in file factorial.asm
Comment: STOP used once
5 symbols
336 symbols in table
