


ARM Macro Assembler    Page 1 


    1 00000000                 AREA             SMALLEST , CODE , READONLY
    2 00000000         ENTRY
    3 00000000         START
    4 00000000 E3A05006        MOV              R5,#6
    5 00000004 E59F1044        LDR              R1,=VALUE1
    6 00000008 E4912004        LDR              R2,[R1],#4
    7 0000000C         LOOP
    8 0000000C E4914004        LDR              R4,[R1],#4
    9 00000010 E1520004        CMP              R2,R4
   10 00000014 9A000000        BLS              LOOP1
   11 00000018 E1A02004        MOV              R2,R4
   12 0000001C         LOOP1
   13 0000001C E2555001        SUBS             R5,R5,#1
   14 00000020 E3550000        CMP              R5,#0
   15 00000024 1AFFFFF8        BNE              LOOP
   16 00000028 E59F4024        LDR              R4,=RESULT
   17 0000002C E5842000        STR              R2,[R4]
   18 00000030 EAFFFFFE 
                       BACK    B                BACK
   19 00000034         
   20 00000034 44444444 
              22222222 
              11111111 
              33333333 
              AAAAAAAA 
              88888888 
              99999999 VALUE1  DCD              0X44444444,0X22222222,0X1111111
1,0X33333333,0XAAAAAAAA,0X88888888,0X99999999
   21 00000050         
   22 00000050         
   23 00000050 00000000 
              00000000         AREA             DATA2 , DATA , READWRITE
   24 00000000         
   25 00000000 00000000 
                       RESULT  DCD              0X0
   26 00000004         
   27 00000004                 END
Command Line: --debug --xref --apcs=interwork --depend=.\smallest.d -o.\smalles
t.o -IC:\Keil\ARM\RV31\INC -IC:\Keil\ARM\CMSIS\Include -IC:\Keil\ARM\Inc\Philip
s --predefine="__EVAL SETA 1" --list=.\smallest.lst smallest.asm



ARM Macro Assembler    Page 1 Alphabetic symbol ordering
Relocatable symbols

BACK 00000030

Symbol: BACK
   Definitions
      At line 18 in file smallest.asm
   Uses
      At line 18 in file smallest.asm
Comment: BACK used once
ENTRY 00000000

Symbol: ENTRY
   Definitions
      At line 2 in file smallest.asm
   Uses
      None
Comment: ENTRY unused
LOOP 0000000C

Symbol: LOOP
   Definitions
      At line 7 in file smallest.asm
   Uses
      At line 15 in file smallest.asm
Comment: LOOP used once
LOOP1 0000001C

Symbol: LOOP1
   Definitions
      At line 12 in file smallest.asm
   Uses
      At line 10 in file smallest.asm
Comment: LOOP1 used once
SMALLEST 00000000

Symbol: SMALLEST
   Definitions
      At line 1 in file smallest.asm
   Uses
      None
Comment: SMALLEST unused
START 00000000

Symbol: START
   Definitions
      At line 3 in file smallest.asm
   Uses
      None
Comment: START unused
VALUE1 00000034

Symbol: VALUE1
   Definitions
      At line 20 in file smallest.asm
   Uses
      At line 5 in file smallest.asm
Comment: VALUE1 used once
7 symbols



ARM Macro Assembler    Page 1 Alphabetic symbol ordering
Relocatable symbols

DATA2 00000000

Symbol: DATA2
   Definitions
      At line 23 in file smallest.asm
   Uses
      None
Comment: DATA2 unused
RESULT 00000000

Symbol: RESULT
   Definitions
      At line 25 in file smallest.asm
   Uses
      At line 16 in file smallest.asm
Comment: RESULT used once
2 symbols
342 symbols in table
