


ARM Macro Assembler    Page 1 


    1 00000000                 AREA             SQUARE , CODE , READONLY
    2 00000000         ENTRY
    3 00000000         START
    4 00000000         
    5 00000000 E59F003C        LDR              R0,=TABLE1
    6 00000004 E3A01007        MOV              R1,#7
    7 00000008 E1A01101        MOV              R1,R1, LSL #0X02
    8 0000000C E0800001        ADD              R0,R0,R1
    9 00000010 E5903000        LDR              R3,[R0]
   10 00000014 EAFFFFFE 
                       BACK    B                BACK
   11 00000018         
   12 00000018         TABLE1
   13 00000018 00000000        DCD              0X00000000
   14 0000001C 00000001        DCD              0X00000001
   15 00000020 00000004        DCD              0X00000004
   16 00000024 00000009        DCD              0X00000009
   17 00000028 00000010        DCD              0X00000010
   18 0000002C 00000019        DCD              0X00000019
   19 00000030 00000024        DCD              0X00000024
   20 00000034 00000031        DCD              0X00000031
   21 00000038 00000040        DCD              0X00000040
   22 0000003C 00000051        DCD              0X00000051
   23 00000040 00000064        DCD              0X00000064
   24 00000044                 END
              00000000 
Command Line: --debug --xref --apcs=interwork --depend=.\square.d -o.\square.o 
-IC:\Keil\ARM\RV31\INC -IC:\Keil\ARM\CMSIS\Include -IC:\Keil\ARM\Inc\Philips --
predefine="__EVAL SETA 1" --list=.\square.lst square.asm



ARM Macro Assembler    Page 1 Alphabetic symbol ordering
Relocatable symbols

BACK 00000014

Symbol: BACK
   Definitions
      At line 10 in file square.asm
   Uses
      At line 10 in file square.asm
Comment: BACK used once
ENTRY 00000000

Symbol: ENTRY
   Definitions
      At line 2 in file square.asm
   Uses
      None
Comment: ENTRY unused
SQUARE 00000000

Symbol: SQUARE
   Definitions
      At line 1 in file square.asm
   Uses
      None
Comment: SQUARE unused
START 00000000

Symbol: START
   Definitions
      At line 3 in file square.asm
   Uses
      None
Comment: START unused
TABLE1 00000018

Symbol: TABLE1
   Definitions
      At line 12 in file square.asm
   Uses
      At line 5 in file square.asm
Comment: TABLE1 used once
5 symbols
338 symbols in table
